<?xml version="1.0" encoding="UTF-8"?>
<!-- Generated by org.testng.reporters.JUnitXMLReporter -->
<testsuite ignored="0" hostname="DESKTOP-1SEO4JR" failures="0" tests="18" name="Surefire test" time="7.834" errors="0" timestamp="2023-03-31T00:17:01 EDT">
  <testcase classname="api.test.DDTests" name="testPostUser" time="2.201"/>
  <testcase classname="api.test.DDTests" name="testPostUser" time="0.198"/>
  <testcase classname="api.test.DDTests" name="testPostUser" time="0.217"/>
  <testcase classname="api.test.DDTests" name="testPostUser" time="0.223"/>
  <testcase classname="api.test.DDTests" name="testPostUser" time="0.16"/>
  <testcase classname="api.test.DDTests" name="testPostUser" time="0.167"/>
  <testcase classname="api.test.DDTests" name="testPostUser" time="0.145"/>
  <testcase classname="api.test.DDTests" name="testDeleteUser" time="0.172"/>
  <testcase classname="api.test.DDTests" name="testDeleteUser" time="0.182"/>
  <testcase classname="api.test.DDTests" name="testDeleteUser" time="0.179"/>
  <testcase classname="api.test.DDTests" name="testDeleteUser" time="0.194"/>
  <testcase classname="api.test.DDTests" name="testDeleteUser" time="0.162"/>
  <testcase classname="api.test.DDTests" name="testDeleteUser" time="0.168"/>
  <testcase classname="api.test.DDTests" name="testDeleteUser" time="0.157"/>
  <testcase classname="api.test.UserTest" name="testPostUser" time="0.19"/>
  <testcase classname="api.test.UserTest" name="testReadUser" time="0.185"/>
  <testcase classname="api.test.UserTest" name="testUpdateUser" time="0.188"/>
  <testcase classname="api.test.UserTest" name="testDeleteUser" time="0.174"/>
</testsuite> <!-- Surefire test -->
