<?xml version="1.0" encoding="UTF-8"?>
<testng-results ignored="0" total="4" passed="4" failed="0" skipped="0">
  <reporter-output>
  </reporter-output>
  <suite started-at="2023-03-31T00:30:48 EDT" name="PetSuite" finished-at="2023-03-31T00:30:51 EDT" duration-ms="3401">
    <groups>
    </groups>
    <test started-at="2023-03-31T00:30:48 EDT" name="PetTest" finished-at="2023-03-31T00:30:51 EDT" duration-ms="3401">
      <class name="api.test.UserTest2">
        <test-method is-config="true" signature="setupData()[pri:0, instance:api.test.UserTest2@4a883b15]" started-at="2023-03-31T00:30:48 EDT" name="setupData" finished-at="2023-03-31T00:30:49 EDT" duration-ms="671" status="PASS">
          <reporter-output>
          </reporter-output>
        </test-method> <!-- setupData -->
        <test-method signature="testPostUser()[pri:1, instance:api.test.UserTest2@4a883b15]" started-at="2023-03-31T00:30:49 EDT" name="testPostUser" finished-at="2023-03-31T00:30:51 EDT" duration-ms="1925" status="PASS">
          <reporter-output>
          </reporter-output>
        </test-method> <!-- testPostUser -->
        <test-method signature="testReadUser()[pri:2, instance:api.test.UserTest2@4a883b15]" started-at="2023-03-31T00:30:51 EDT" name="testReadUser" finished-at="2023-03-31T00:30:51 EDT" duration-ms="189" status="PASS">
          <reporter-output>
          </reporter-output>
        </test-method> <!-- testReadUser -->
        <test-method signature="testUpdateUser()[pri:3, instance:api.test.UserTest2@4a883b15]" started-at="2023-03-31T00:30:51 EDT" name="testUpdateUser" finished-at="2023-03-31T00:30:51 EDT" duration-ms="156" status="PASS">
          <reporter-output>
          </reporter-output>
        </test-method> <!-- testUpdateUser -->
        <test-method signature="testDeleteUser()[pri:4, instance:api.test.UserTest2@4a883b15]" started-at="2023-03-31T00:30:51 EDT" name="testDeleteUser" finished-at="2023-03-31T00:30:51 EDT" duration-ms="185" status="PASS">
          <reporter-output>
          </reporter-output>
        </test-method> <!-- testDeleteUser -->
      </class> <!-- api.test.UserTest2 -->
    </test> <!-- PetTest -->
  </suite> <!-- PetSuite -->
</testng-results>
