<?xml version="1.0" encoding="UTF-8"?>
<testng-results ignored="0" total="4" passed="4" failed="0" skipped="0">
  <reporter-output>
  </reporter-output>
  <suite started-at="2023-03-31T00:02:42 EDT" name="PetSuite" finished-at="2023-03-31T00:02:45 EDT" duration-ms="3389">
    <groups>
    </groups>
    <test started-at="2023-03-31T00:02:42 EDT" name="PetTest" finished-at="2023-03-31T00:02:45 EDT" duration-ms="3389">
      <class name="api.test.UserTest2">
        <test-method is-config="true" signature="setupData()[pri:0, instance:api.test.UserTest2@55634720]" started-at="2023-03-31T00:02:42 EDT" name="setupData" finished-at="2023-03-31T00:02:42 EDT" duration-ms="639" status="PASS">
          <reporter-output>
          </reporter-output>
        </test-method> <!-- setupData -->
        <test-method signature="testPostUser()[pri:1, instance:api.test.UserTest2@55634720]" started-at="2023-03-31T00:02:42 EDT" name="testPostUser" finished-at="2023-03-31T00:02:44 EDT" duration-ms="1800" status="PASS">
          <reporter-output>
          </reporter-output>
        </test-method> <!-- testPostUser -->
        <test-method signature="testReadUser()[pri:2, instance:api.test.UserTest2@55634720]" started-at="2023-03-31T00:02:44 EDT" name="testReadUser" finished-at="2023-03-31T00:02:44 EDT" duration-ms="206" status="PASS">
          <reporter-output>
          </reporter-output>
        </test-method> <!-- testReadUser -->
        <test-method signature="testUpdateUser()[pri:3, instance:api.test.UserTest2@55634720]" started-at="2023-03-31T00:02:44 EDT" name="testUpdateUser" finished-at="2023-03-31T00:02:45 EDT" duration-ms="230" status="PASS">
          <reporter-output>
          </reporter-output>
        </test-method> <!-- testUpdateUser -->
        <test-method signature="testDeleteUser()[pri:4, instance:api.test.UserTest2@55634720]" started-at="2023-03-31T00:02:45 EDT" name="testDeleteUser" finished-at="2023-03-31T00:02:45 EDT" duration-ms="214" status="PASS">
          <reporter-output>
          </reporter-output>
        </test-method> <!-- testDeleteUser -->
      </class> <!-- api.test.UserTest2 -->
    </test> <!-- PetTest -->
  </suite> <!-- PetSuite -->
</testng-results>
