<?xml version="1.0" encoding="UTF-8"?>
<!-- Generated by org.testng.reporters.JUnitXMLReporter -->
<testsuite ignored="0" hostname="DESKTOP-1SEO4JR" failures="0" tests="4" name="PetTest" time="3.401" errors="0" timestamp="2023-03-31T00:30:51 EDT">
  <testcase classname="api.test.UserTest2" name="testPostUser" time="1.925"/>
  <testcase classname="api.test.UserTest2" name="testReadUser" time="0.189"/>
  <testcase classname="api.test.UserTest2" name="testUpdateUser" time="0.156"/>
  <testcase classname="api.test.UserTest2" name="testDeleteUser" time="0.185"/>
</testsuite> <!-- PetTest -->
